The system is: Windows - 10.0.19041 - AMD64
Compiling the C compiler identification source file "CMakeCCompilerId.c" succeeded.
Compiler: C:/Program Files (x86)/Microsoft Visual Studio/2019/Community/VC/Tools/MSVC/14.25.28610/bin/HostX64/x64/cl.exe 
Build flags: 
Id flags:  

The output was:
0
Microsoft (R) C/C++ Optimizing Compiler Version 19.25.28612 for x64
Copyright (C) Microsoft Corporation.  All rights reserved.

CMakeCCompilerId.c
Microsoft (R) Incremental Linker Version 14.25.28612.0
Copyright (C) Microsoft Corporation.  All rights reserved.

/out:CMakeCCompilerId.exe 
CMakeCCompilerId.obj 


Compilation of the C compiler identification source "CMakeCCompilerId.c" produced "CMakeCCompilerId.exe"

Compilation of the C compiler identification source "CMakeCCompilerId.c" produced "CMakeCCompilerId.obj"

The C compiler identification is MSVC, found in "C:/CPSC453_ComputerGraphics/Assmt2/GregoryOrd_CPSC453_A2/out/build/x64-Debug/CMakeFiles/3.16.19112601-MSVC_2/CompilerIdC/CMakeCCompilerId.exe"

Compiling the CXX compiler identification source file "CMakeCXXCompilerId.cpp" succeeded.
Compiler: C:/Program Files (x86)/Microsoft Visual Studio/2019/Community/VC/Tools/MSVC/14.25.28610/bin/HostX64/x64/cl.exe 
Build flags: 
Id flags:  

The output was:
0
Microsoft (R) C/C++ Optimizing Compiler Version 19.25.28612 for x64
Copyright (C) Microsoft Corporation.  All rights reserved.

CMakeCXXCompilerId.cpp
Microsoft (R) Incremental Linker Version 14.25.28612.0
Copyright (C) Microsoft Corporation.  All rights reserved.

/out:CMakeCXXCompilerId.exe 
CMakeCXXCompilerId.obj 


Compilation of the CXX compiler identification source "CMakeCXXCompilerId.cpp" produced "CMakeCXXCompilerId.exe"

Compilation of the CXX compiler identification source "CMakeCXXCompilerId.cpp" produced "CMakeCXXCompilerId.obj"

The CXX compiler identification is MSVC, found in "C:/CPSC453_ComputerGraphics/Assmt2/GregoryOrd_CPSC453_A2/out/build/x64-Debug/CMakeFiles/3.16.19112601-MSVC_2/CompilerIdCXX/CMakeCXXCompilerId.exe"

Determining if the C compiler works passed with the following output:
Change Dir: C:/CPSC453_ComputerGraphics/Assmt2/GregoryOrd_CPSC453_A2/out/build/x64-Debug/CMakeFiles/CMakeTmp

Run Build Command(s):C:/Program Files (x86)/Microsoft Visual Studio/2019/Community/Common7/IDE/CommonExtensions/Microsoft/CMake/Ninja/ninja.exe cmTC_c1752 && [1/2] Building C object CMakeFiles\cmTC_c1752.dir\testCCompiler.c.obj
[2/2] Linking C executable cmTC_c1752.exe



Detecting C compiler ABI info compiled with the following output:
Change Dir: C:/CPSC453_ComputerGraphics/Assmt2/GregoryOrd_CPSC453_A2/out/build/x64-Debug/CMakeFiles/CMakeTmp

Run Build Command(s):C:/Program Files (x86)/Microsoft Visual Studio/2019/Community/Common7/IDE/CommonExtensions/Microsoft/CMake/Ninja/ninja.exe cmTC_59053 && [1/2] Building C object CMakeFiles\cmTC_59053.dir\CMakeCCompilerABI.c.obj
[2/2] Linking C executable cmTC_59053.exe



Determining if the CXX compiler works passed with the following output:
Change Dir: C:/CPSC453_ComputerGraphics/Assmt2/GregoryOrd_CPSC453_A2/out/build/x64-Debug/CMakeFiles/CMakeTmp

Run Build Command(s):C:/Program Files (x86)/Microsoft Visual Studio/2019/Community/Common7/IDE/CommonExtensions/Microsoft/CMake/Ninja/ninja.exe cmTC_63542 && [1/2] Building CXX object CMakeFiles\cmTC_63542.dir\testCXXCompiler.cxx.obj
[2/2] Linking CXX executable cmTC_63542.exe



Detecting CXX compiler ABI info compiled with the following output:
Change Dir: C:/CPSC453_ComputerGraphics/Assmt2/GregoryOrd_CPSC453_A2/out/build/x64-Debug/CMakeFiles/CMakeTmp

Run Build Command(s):C:/Program Files (x86)/Microsoft Visual Studio/2019/Community/Common7/IDE/CommonExtensions/Microsoft/CMake/Ninja/ninja.exe cmTC_f2454 && [1/2] Building CXX object CMakeFiles\cmTC_f2454.dir\CMakeCXXCompilerABI.cpp.obj
[2/2] Linking CXX executable cmTC_f2454.exe



Performing C++ SOURCE FILE Test SUPPORTS_USER_DEFINED_LITERALS succeeded with the following output:
Change Dir: C:/CPSC453_ComputerGraphics/Assmt2/GregoryOrd_CPSC453_A2/out/build/x64-Debug/CMakeFiles/CMakeTmp

Run Build Command(s):C:/Program Files (x86)/Microsoft Visual Studio/2019/Community/Common7/IDE/CommonExtensions/Microsoft/CMake/Ninja/ninja.exe cmTC_c4153 && [1/2] Building CXX object CMakeFiles\cmTC_c4153.dir\src.cxx.obj
[2/2] Linking CXX executable cmTC_c4153.exe


Source file was:

  void operator"" _udl(long double);
  int main() {}
Performing C++ SOURCE FILE Test FMT_HAS_VARIANT succeeded with the following output:
Change Dir: C:/CPSC453_ComputerGraphics/Assmt2/GregoryOrd_CPSC453_A2/out/build/x64-Debug/CMakeFiles/CMakeTmp

Run Build Command(s):C:/Program Files (x86)/Microsoft Visual Studio/2019/Community/Common7/IDE/CommonExtensions/Microsoft/CMake/Ninja/ninja.exe cmTC_1c96b && [1/2] Building CXX object CMakeFiles\cmTC_1c96b.dir\src.cxx.obj
cl : Command line warning D9002 : ignoring unknown option '-std=c++1z'
[2/2] Linking CXX executable cmTC_1c96b.exe


Source file was:

  #include <variant>
  int main() {}
Determining if the _strtod_l exist passed with the following output:
Change Dir: C:/CPSC453_ComputerGraphics/Assmt2/GregoryOrd_CPSC453_A2/out/build/x64-Debug/CMakeFiles/CMakeTmp

Run Build Command(s):C:/Program Files (x86)/Microsoft Visual Studio/2019/Community/Common7/IDE/CommonExtensions/Microsoft/CMake/Ninja/ninja.exe cmTC_10f56 && [1/2] Building C object CMakeFiles\cmTC_10f56.dir\CheckSymbolExists.c.obj
[2/2] Linking C executable cmTC_10f56.exe


File C:/CPSC453_ComputerGraphics/Assmt2/GregoryOrd_CPSC453_A2/out/build/x64-Debug/CMakeFiles/CMakeTmp/CheckSymbolExists.c:
/* */
#include <stdlib.h>

int main(int argc, char** argv)
{
  (void)argv;
#ifndef _strtod_l
  return ((int*)(&_strtod_l))[argc];
#else
  (void)argc;
  return 0;
#endif
}
