Determining if the include file pthread.h exists failed with the following output:
Change Dir: C:/CPSC453_ComputerGraphics/Assmt2/GregoryOrd_CPSC453_A2/out/build/x64-Debug/CMakeFiles/CMakeTmp

Run Build Command(s):C:/Program Files (x86)/Microsoft Visual Studio/2019/Community/Common7/IDE/CommonExtensions/Microsoft/CMake/Ninja/ninja.exe cmTC_5cd3c && [1/2] Building C object CMakeFiles\cmTC_5cd3c.dir\CheckIncludeFile.c.obj
FAILED: CMakeFiles/cmTC_5cd3c.dir/CheckIncludeFile.c.obj 
C:\PROGRA~2\MICROS~2\2019\COMMUN~1\VC\Tools\MSVC\1425~1.286\bin\HostX64\x64\cl.exe  /nologo   /DWIN32 /D_WINDOWS  /Zi /Ob0 /Od /RTC1 -MDd /showIncludes /FoCMakeFiles\cmTC_5cd3c.dir\CheckIncludeFile.c.obj /FdCMakeFiles\cmTC_5cd3c.dir\ /FS -c CheckIncludeFile.c
CheckIncludeFile.c(1): fatal error C1083: Cannot open include file: 'pthread.h': No such file or directory
ninja: build stopped: subcommand failed.



Performing C++ SOURCE FILE Test has_std_17_flag failed with the following output:
Change Dir: C:/CPSC453_ComputerGraphics/Assmt2/GregoryOrd_CPSC453_A2/out/build/x64-Debug/CMakeFiles/CMakeTmp

Run Build Command(s):C:/Program Files (x86)/Microsoft Visual Studio/2019/Community/Common7/IDE/CommonExtensions/Microsoft/CMake/Ninja/ninja.exe cmTC_31339 && [1/2] Building CXX object CMakeFiles\cmTC_31339.dir\src.cxx.obj
cl : Command line warning D9002 : ignoring unknown option '-std=c++17'
[2/2] Linking CXX executable cmTC_31339.exe


Source file was:
int main() { return 0; }
Performing C++ SOURCE FILE Test has_std_1z_flag failed with the following output:
Change Dir: C:/CPSC453_ComputerGraphics/Assmt2/GregoryOrd_CPSC453_A2/out/build/x64-Debug/CMakeFiles/CMakeTmp

Run Build Command(s):C:/Program Files (x86)/Microsoft Visual Studio/2019/Community/Common7/IDE/CommonExtensions/Microsoft/CMake/Ninja/ninja.exe cmTC_1b271 && [1/2] Building CXX object CMakeFiles\cmTC_1b271.dir\src.cxx.obj
cl : Command line warning D9002 : ignoring unknown option '-std=c++1z'
[2/2] Linking CXX executable cmTC_1b271.exe


Source file was:
int main() { return 0; }
